<?xml version="1.0" encoding="utf-8"?>
<TestRun id="41704aa3-08df-4831-9e77-e3c34a27cb77" name="MICHAEL WINARTO@LAPTOP-9RUEICUL 2026-07-14 20:37:25" runUser="LAPTOP-9RUEICUL\MICHAEL WINARTO" xmlns="http://microsoft.com/schemas/VisualStudio/TeamTest/2010">
  <Times creation="2026-07-14T20:37:25.7301816+07:00" queuing="2026-07-14T20:37:25.7301817+07:00" start="2026-07-14T20:37:25.1897190+07:00" finish="2026-07-14T20:37:25.7423184+07:00" />
  <TestSettings name="default" id="0f3cdd10-1b48-4313-951f-4d72192432e2">
    <Deployment runDeploymentRoot="MICHAEL_WINARTO_LAPTOP-9RUEICUL_2026-07-14_20_37_25" />
  </TestSettings>
  <Results>
    <UnitTestResult executionId="add139c7-aa66-439e-ae6a-a028ccc1108d" testId="3ca5e90d-0454-4d08-d81c-18fe106bd8b3" testName="KreditService.Tests.KreditTests.Test_ShouldFail_WhenPlafonIsNegativeOrZero" computerName="LAPTOP-9RUEICUL" duration="00:00:00.0003060" startTime="2026-07-14T20:37:25.6513866+07:00" endTime="2026-07-14T20:37:25.6513866+07:00" testType="13cdc9d9-ddb5-4fa4-a97d-d965ccfc6d4b" outcome="Passed" testListId="8c84fa94-04c1-424b-9868-57a2d4851a1d" relativeResultsDirectory="add139c7-aa66-439e-ae6a-a028ccc1108d" />
    <UnitTestResult executionId="1fa82794-c770-4cc5-be36-27f080cd8387" testId="4af6686f-4304-decd-7e9e-37fb8bf4b1ec" testName="KreditService.Tests.KreditTests.Test_ShouldPass_WhenInputsAreEntirelyValid" computerName="LAPTOP-9RUEICUL" duration="00:00:00.0020862" startTime="2026-07-14T20:37:25.6507040+07:00" endTime="2026-07-14T20:37:25.6507041+07:00" testType="13cdc9d9-ddb5-4fa4-a97d-d965ccfc6d4b" outcome="Passed" testListId="8c84fa94-04c1-424b-9868-57a2d4851a1d" relativeResultsDirectory="1fa82794-c770-4cc5-be36-27f080cd8387" />
    <UnitTestResult executionId="927cc527-fb4b-44fc-83ee-6b4337d60616" testId="017926f8-0ac1-669f-6124-00cc85f586de" testName="KreditService.Tests.KreditTests.Test_ShouldFail_WhenBungaExceedsOneHundredPercent" computerName="LAPTOP-9RUEICUL" duration="00:00:00.0000687" startTime="2026-07-14T20:37:25.6514097+07:00" endTime="2026-07-14T20:37:25.6514097+07:00" testType="13cdc9d9-ddb5-4fa4-a97d-d965ccfc6d4b" outcome="Passed" testListId="8c84fa94-04c1-424b-9868-57a2d4851a1d" relativeResultsDirectory="927cc527-fb4b-44fc-83ee-6b4337d60616" />
    <UnitTestResult executionId="09f3971d-1adb-450b-9227-6c20dcda336a" testId="02018bf1-bf6e-8b9d-172b-40479556fcdb" testName="KreditService.Tests.UnitTest1.Test1" computerName="LAPTOP-9RUEICUL" duration="00:00:00.0016539" startTime="2026-07-14T20:37:25.6489484+07:00" endTime="2026-07-14T20:37:25.6489634+07:00" testType="13cdc9d9-ddb5-4fa4-a97d-d965ccfc6d4b" outcome="Passed" testListId="8c84fa94-04c1-424b-9868-57a2d4851a1d" relativeResultsDirectory="09f3971d-1adb-450b-9227-6c20dcda336a" />
  </Results>
  <TestDefinitions>
    <UnitTest name="KreditService.Tests.KreditTests.Test_ShouldFail_WhenPlafonIsNegativeOrZero" storage="c:\users\michael winarto\desktop\pengajuan_kredit_v3\kreditservice.tests\bin\debug\net8.0\kreditservice.tests.dll" id="3ca5e90d-0454-4d08-d81c-18fe106bd8b3">
      <Execution id="add139c7-aa66-439e-ae6a-a028ccc1108d" />
      <TestMethod codeBase="C:\Users\MICHAEL WINARTO\Desktop\pengajuan_kredit_v3\KreditService.Tests\bin\Debug\net8.0\KreditService.Tests.dll" adapterTypeName="executor://xunit/VsTestRunner2/netcoreapp" className="KreditService.Tests.KreditTests" name="Test_ShouldFail_WhenPlafonIsNegativeOrZero" />
    </UnitTest>
    <UnitTest name="KreditService.Tests.UnitTest1.Test1" storage="c:\users\michael winarto\desktop\pengajuan_kredit_v3\kreditservice.tests\bin\debug\net8.0\kreditservice.tests.dll" id="02018bf1-bf6e-8b9d-172b-40479556fcdb">
      <Execution id="09f3971d-1adb-450b-9227-6c20dcda336a" />
      <TestMethod codeBase="C:\Users\MICHAEL WINARTO\Desktop\pengajuan_kredit_v3\KreditService.Tests\bin\Debug\net8.0\KreditService.Tests.dll" adapterTypeName="executor://xunit/VsTestRunner2/netcoreapp" className="KreditService.Tests.UnitTest1" name="Test1" />
    </UnitTest>
    <UnitTest name="KreditService.Tests.KreditTests.Test_ShouldPass_WhenInputsAreEntirelyValid" storage="c:\users\michael winarto\desktop\pengajuan_kredit_v3\kreditservice.tests\bin\debug\net8.0\kreditservice.tests.dll" id="4af6686f-4304-decd-7e9e-37fb8bf4b1ec">
      <Execution id="1fa82794-c770-4cc5-be36-27f080cd8387" />
      <TestMethod codeBase="C:\Users\MICHAEL WINARTO\Desktop\pengajuan_kredit_v3\KreditService.Tests\bin\Debug\net8.0\KreditService.Tests.dll" adapterTypeName="executor://xunit/VsTestRunner2/netcoreapp" className="KreditService.Tests.KreditTests" name="Test_ShouldPass_WhenInputsAreEntirelyValid" />
    </UnitTest>
    <UnitTest name="KreditService.Tests.KreditTests.Test_ShouldFail_WhenBungaExceedsOneHundredPercent" storage="c:\users\michael winarto\desktop\pengajuan_kredit_v3\kreditservice.tests\bin\debug\net8.0\kreditservice.tests.dll" id="017926f8-0ac1-669f-6124-00cc85f586de">
      <Execution id="927cc527-fb4b-44fc-83ee-6b4337d60616" />
      <TestMethod codeBase="C:\Users\MICHAEL WINARTO\Desktop\pengajuan_kredit_v3\KreditService.Tests\bin\Debug\net8.0\KreditService.Tests.dll" adapterTypeName="executor://xunit/VsTestRunner2/netcoreapp" className="KreditService.Tests.KreditTests" name="Test_ShouldFail_WhenBungaExceedsOneHundredPercent" />
    </UnitTest>
  </TestDefinitions>
  <TestEntries>
    <TestEntry testId="3ca5e90d-0454-4d08-d81c-18fe106bd8b3" executionId="add139c7-aa66-439e-ae6a-a028ccc1108d" testListId="8c84fa94-04c1-424b-9868-57a2d4851a1d" />
    <TestEntry testId="4af6686f-4304-decd-7e9e-37fb8bf4b1ec" executionId="1fa82794-c770-4cc5-be36-27f080cd8387" testListId="8c84fa94-04c1-424b-9868-57a2d4851a1d" />
    <TestEntry testId="017926f8-0ac1-669f-6124-00cc85f586de" executionId="927cc527-fb4b-44fc-83ee-6b4337d60616" testListId="8c84fa94-04c1-424b-9868-57a2d4851a1d" />
    <TestEntry testId="02018bf1-bf6e-8b9d-172b-40479556fcdb" executionId="09f3971d-1adb-450b-9227-6c20dcda336a" testListId="8c84fa94-04c1-424b-9868-57a2d4851a1d" />
  </TestEntries>
  <TestLists>
    <TestList name="Results Not in a List" id="8c84fa94-04c1-424b-9868-57a2d4851a1d" />
    <TestList name="All Loaded Results" id="19431567-8539-422a-85d7-44ee4e166bda" />
  </TestLists>
  <ResultSummary outcome="Completed">
    <Counters total="4" executed="4" passed="4" failed="0" error="0" timeout="0" aborted="0" inconclusive="0" passedButRunAborted="0" notRunnable="0" notExecuted="0" disconnected="0" warning="0" completed="0" inProgress="0" pending="0" />
    <Output>
      <StdOut>[xUnit.net 00:00:00.00] xUnit.net VSTest Adapter v2.5.3.1+6b60a9e56a (64-bit .NET 8.0.28)&#xD;
[xUnit.net 00:00:00.06]   Discovering: KreditService.Tests&#xD;
[xUnit.net 00:00:00.08]   Discovered:  KreditService.Tests&#xD;
[xUnit.net 00:00:00.09]   Starting:    KreditService.Tests&#xD;
[xUnit.net 00:00:00.13]   Finished:    KreditService.Tests&#xD;
</StdOut>
    </Output>
  </ResultSummary>
</TestRun>